\BOOKMARK [1][-]{section.1}{\376\377\000C\000o\000l\000o\000u\000r\000\040\000G\000u\000i\000d\000e}{}% 1
\BOOKMARK [1][-]{section.2}{\376\377\000I\000n\000t\000r\000o\000d\000u\000c\000t\000i\000o\000n}{}% 2
\BOOKMARK [1][-]{section.3}{\376\377\000T\000h\000e\000o\000r\000y}{}% 3
\BOOKMARK [2][-]{subsection.3.1}{\376\377\000I\000n\000n\000e\000r\000\040\000P\000r\000o\000d\000u\000c\000t\000s\000\040\000a\000n\000d\000\040\000H\000i\000l\000b\000e\000r\000t\000\040\000S\000p\000a\000c\000e\000s}{section.3}% 4
\BOOKMARK [2][-]{subsection.3.2}{\376\377\000H\000i\000l\000b\000e\000r\000t\000\040\000S\000p\000a\000c\000e\000\040\000o\000f\000\040\000S\000q\000u\000a\000r\000e\000-\000I\000n\000t\000e\000g\000r\000a\000b\000l\000e\000\040\000F\000u\000n\000c\000t\000i\000o\000n\000s}{section.3}% 5
\BOOKMARK [2][-]{subsection.3.3}{\376\377\000B\000a\000s\000e\000s\000\040\000o\000f\000\040\000L\0002}{section.3}% 6
\BOOKMARK [2][-]{subsection.3.4}{\376\377\000A\000p\000p\000r\000o\000x\000i\000m\000a\000t\000i\000o\000n\000\040\000a\000n\000d\000\040\000S\000m\000o\000o\000t\000h\000i\000n\000g\000\040\000v\000i\000a\000\040\000B\000a\000s\000i\000s\000\040\000T\000r\000u\000n\000c\000a\000t\000i\000o\000n}{section.3}% 7
\BOOKMARK [2][-]{subsection.3.5}{\376\377\000F\000u\000n\000c\000t\000i\000o\000n\000a\000l\000\040\000D\000a\000t\000a\000\040\000S\000e\000t\000s}{section.3}% 8
\BOOKMARK [2][-]{subsection.3.6}{\376\377\000K\000a\000r\000h\000u\000n\000e\000n\000-\000L\000o\000\351\000v\000e\000\040\000E\000x\000p\000a\000n\000s\000i\000o\000n\000\040\000a\000n\000d\000\040\000E\000m\000p\000i\000r\000i\000c\000a\000l\000\040\000E\000i\000g\000e\000n\000b\000a\000s\000e\000s}{section.3}% 9
\BOOKMARK [2][-]{subsection.3.7}{\376\377\000S\000c\000a\000l\000a\000r\000-\000o\000n\000-\000F\000u\000n\000c\000t\000i\000o\000n\000\040\000R\000e\000g\000r\000e\000s\000s\000i\000o\000n}{section.3}% 10
\BOOKMARK [2][-]{subsection.3.8}{\376\377\000E\000s\000t\000i\000m\000a\000t\000i\000o\000n\000\040\000v\000i\000a\000\040\000B\000a\000s\000i\000s\000-\000R\000e\000p\000r\000e\000s\000e\000n\000t\000a\000t\000i\000o\000n}{section.3}% 11
\BOOKMARK [2][-]{subsection.3.9}{\376\377\000D\000e\000t\000a\000i\000l\000e\000d\000\040\000D\000r\000a\000f\000t}{section.3}% 12
\BOOKMARK [2][-]{subsection.3.10}{\376\377\000D\000r\000a\000f\000t\000-\000O\000v\000e\000r\000v\000i\000e\000w}{section.3}% 13
\BOOKMARK [2][-]{subsection.3.11}{\376\377\000L\000i\000t\000e\000r\000a\000t\000u\000r\000e}{section.3}% 14
\BOOKMARK [1][-]{section.4}{\376\377\000S\000i\000m\000u\000l\000a\000t\000i\000o\000n\000\040\000S\000t\000u\000d\000y}{}% 15
\BOOKMARK [2][-]{subsection.4.1}{\376\377\000D\000r\000a\000f\000t\000-\000O\000v\000e\000r\000v\000i\000e\000w}{section.4}% 16
\BOOKMARK [2][-]{subsection.4.2}{\376\377\000M\000o\000t\000i\000v\000a\000t\000e\000\040\000S\000i\000m\000u\000l\000a\000t\000i\000o\000n\000\040\000f\000o\000r\000\040\000s\000o\000m\000e\000\040\000d\000a\000t\000a\000\040\000g\000e\000n\000e\000r\000a\000t\000i\000n\000g\000\040\000p\000r\000o\000c\000e\000s\000s\000\040\000f\000r\000o\000m\000\040\000a\000p\000p\000l\000i\000c\000a\000t\000i\000o\000n}{section.4}% 17
\BOOKMARK [2][-]{subsection.4.3}{\376\377\000G\000e\000n\000e\000r\000a\000t\000i\000n\000g\000\040\000S\000i\000m\000i\000l\000a\000r\000\040\000C\000u\000r\000v\000e\000s}{section.4}% 18
\BOOKMARK [2][-]{subsection.4.4}{\376\377\000R\000e\000s\000u\000l\000t\000s}{section.4}% 19
\BOOKMARK [3][-]{subsubsection.4.4.1}{\376\377\000I\000n\000t\000e\000r\000p\000r\000e\000t\000a\000t\000i\000o\000n\000\040\000a\000n\000d\000\040\000R\000e\000l\000e\000v\000a\000n\000c\000e\000\040\000f\000o\000r\000\040\000A\000p\000p\000l\000i\000c\000a\000t\000i\000o\000n}{subsection.4.4}% 20
\BOOKMARK [2][-]{subsection.4.5}{\376\377\000L\000i\000t\000e\000r\000a\000t\000u\000r\000e}{section.4}% 21
\BOOKMARK [1][-]{section.5}{\376\377\000A\000p\000p\000l\000i\000c\000a\000t\000i\000o\000n}{}% 22
\BOOKMARK [2][-]{subsection.5.1}{\376\377\000D\000r\000a\000f\000t\000-\000O\000v\000e\000r\000v\000i\000e\000w}{section.5}% 23
\BOOKMARK [2][-]{subsection.5.2}{\376\377\000L\000i\000t\000e\000r\000a\000t\000u\000r\000e}{section.5}% 24
\BOOKMARK [1][-]{section.6}{\376\377\000O\000u\000t\000l\000o\000o\000k}{}% 25
\BOOKMARK [2][-]{subsection.6.1}{\376\377\000L\000i\000t\000e\000r\000a\000t\000u\000r\000e}{section.6}% 26
\BOOKMARK [1][-]{section.7}{\376\377\000A\000p\000p\000e\000n\000d\000i\000x}{}% 27
\BOOKMARK [2][-]{subsection.7.1}{\376\377\000W\000i\000e\000n\000e\000r\000\040\000P\000r\000o\000c\000e\000s\000s}{section.7}% 28
\BOOKMARK [1][-]{section.8}{\376\377\000B\000i\000b\000l\000i\000o\000g\000r\000a\000p\000h\000y}{}% 29
