This is pdfTeX, Version 3.141592653-2.6-1.40.23 (TeX Live 2021/W32TeX) (preloaded format=pdflatex 2022.1.12)  10 FEB 2022 00:56
entering extended mode
 restricted \write18 enabled.
 %&-line parsing enabled.
**main.tex
(./main.tex
LaTeX2e <2021-11-15> patch level 1
L3 programming layer <2021-11-22>
(c:/texlive/2021/texmf-dist/tex/latex/base/article.cls
Document Class: article 2021/10/04 v1.4n Standard LaTeX document class
(c:/texlive/2021/texmf-dist/tex/latex/base/size11.clo
File: size11.clo 2021/10/04 v1.4n Standard LaTeX file (size option)
)
\c@part=\count183
\c@section=\count184
\c@subsection=\count185
\c@subsubsection=\count186
\c@paragraph=\count187
\c@subparagraph=\count188
\c@figure=\count189
\c@table=\count190
\abovecaptionskip=\skip47
\belowcaptionskip=\skip48
\bibindent=\dimen138
)
(c:/texlive/2021/texmf-dist/tex/latex/geometry/geometry.sty
Package: geometry 2020/01/02 v5.9 Page Geometry

(c:/texlive/2021/texmf-dist/tex/latex/graphics/keyval.sty
Package: keyval 2014/10/28 v1.15 key=value parser (DPC)
\KV@toks@=\toks16
)
(c:/texlive/2021/texmf-dist/tex/generic/iftex/ifvtex.sty
Package: ifvtex 2019/10/25 v1.7 ifvtex legacy package. Use iftex instead.

(c:/texlive/2021/texmf-dist/tex/generic/iftex/iftex.sty
Package: iftex 2020/03/06 v1.0d TeX engine tests
))
\Gm@cnth=\count191
\Gm@cntv=\count192
\c@Gm@tempcnt=\count193
\Gm@bindingoffset=\dimen139
\Gm@wd@mp=\dimen140
\Gm@odd@mp=\dimen141
\Gm@even@mp=\dimen142
\Gm@layoutwidth=\dimen143
\Gm@layoutheight=\dimen144
\Gm@layouthoffset=\dimen145
\Gm@layoutvoffset=\dimen146
\Gm@dimlist=\toks17
)
(c:/texlive/2021/texmf-dist/tex/latex/microtype/microtype.sty
Package: microtype 2021/12/10 v3.0b Micro-typographical refinements (RS)

(c:/texlive/2021/texmf-dist/tex/latex/etoolbox/etoolbox.sty
Package: etoolbox 2020/10/05 v2.5k e-TeX tools for LaTeX (JAW)
\etb@tempcnta=\count194
)
\MT@toks=\toks18
\MT@count=\count195
\MT@tempbox=\box50
LaTeX Info: Redefining \leftprotrusion on input line 1010.
LaTeX Info: Redefining \rightprotrusion on input line 1018.
LaTeX Info: Redefining \textls on input line 1173.
\MT@outer@kern=\dimen147
LaTeX Info: Redefining \textmicrotypecontext on input line 1759.
\MT@listname@count=\count196

(c:/texlive/2021/texmf-dist/tex/latex/microtype/microtype-pdftex.def
File: microtype-pdftex.def 2021/12/10 v3.0b Definitions specific to pdftex (RS)

LaTeX Info: Redefining \lsstyle on input line 897.
LaTeX Info: Redefining \lslig on input line 897.
\MT@outer@space=\skip49
)
Package microtype Info: Loading configuration file microtype.cfg.

(c:/texlive/2021/texmf-dist/tex/latex/microtype/microtype.cfg
File: microtype.cfg 2021/12/10 v3.0b microtype main configuration file (RS)
))
(c:/texlive/2021/texmf-dist/tex/latex/graphics/graphicx.sty
Package: graphicx 2021/09/16 v1.2d Enhanced LaTeX Graphics (DPC,SPQR)

(c:/texlive/2021/texmf-dist/tex/latex/graphics/graphics.sty
Package: graphics 2021/03/04 v1.4d Standard LaTeX Graphics (DPC,SPQR)

(c:/texlive/2021/texmf-dist/tex/latex/graphics/trig.sty
Package: trig 2021/08/11 v1.11 sin cos tan (DPC)
)
(c:/texlive/2021/texmf-dist/tex/latex/graphics-cfg/graphics.cfg
File: graphics.cfg 2016/06/04 v1.11 sample graphics configuration
)
Package graphics Info: Driver file: pdftex.def on input line 107.

(c:/texlive/2021/texmf-dist/tex/latex/graphics-def/pdftex.def
File: pdftex.def 2020/10/05 v1.2a Graphics/color driver for pdftex
))
\Gin@req@height=\dimen148
\Gin@req@width=\dimen149
)
(c:/texlive/2021/texmf-dist/tex/latex/hyperref/hyperref.sty
Package: hyperref 2021-06-07 v7.00m Hypertext links for LaTeX

(c:/texlive/2021/texmf-dist/tex/generic/ltxcmds/ltxcmds.sty
Package: ltxcmds 2020-05-10 v1.25 LaTeX kernel commands for general use (HO)
)
(c:/texlive/2021/texmf-dist/tex/generic/pdftexcmds/pdftexcmds.sty
Package: pdftexcmds 2020-06-27 v0.33 Utility functions of pdfTeX for LuaTeX (HO
)

(c:/texlive/2021/texmf-dist/tex/generic/infwarerr/infwarerr.sty
Package: infwarerr 2019/12/03 v1.5 Providing info/warning/error messages (HO)
)
Package pdftexcmds Info: \pdf@primitive is available.
Package pdftexcmds Info: \pdf@ifprimitive is available.
Package pdftexcmds Info: \pdfdraftmode found.
)
(c:/texlive/2021/texmf-dist/tex/generic/kvsetkeys/kvsetkeys.sty
Package: kvsetkeys 2019/12/15 v1.18 Key value parser (HO)
)
(c:/texlive/2021/texmf-dist/tex/generic/kvdefinekeys/kvdefinekeys.sty
Package: kvdefinekeys 2019-12-19 v1.6 Define keys (HO)
)
(c:/texlive/2021/texmf-dist/tex/generic/pdfescape/pdfescape.sty
Package: pdfescape 2019/12/09 v1.15 Implements pdfTeX's escape features (HO)
)
(c:/texlive/2021/texmf-dist/tex/latex/hycolor/hycolor.sty
Package: hycolor 2020-01-27 v1.10 Color options for hyperref/bookmark (HO)
)
(c:/texlive/2021/texmf-dist/tex/latex/letltxmacro/letltxmacro.sty
Package: letltxmacro 2019/12/03 v1.6 Let assignment for LaTeX macros (HO)
)
(c:/texlive/2021/texmf-dist/tex/latex/auxhook/auxhook.sty
Package: auxhook 2019-12-17 v1.6 Hooks for auxiliary files (HO)
)
(c:/texlive/2021/texmf-dist/tex/latex/kvoptions/kvoptions.sty
Package: kvoptions 2020-10-07 v3.14 Key value format for package options (HO)
)
\@linkdim=\dimen150
\Hy@linkcounter=\count197
\Hy@pagecounter=\count198

(c:/texlive/2021/texmf-dist/tex/latex/hyperref/pd1enc.def
File: pd1enc.def 2021-06-07 v7.00m Hyperref: PDFDocEncoding definition (HO)
Now handling font encoding PD1 ...
... no UTF-8 mapping file for font encoding PD1
)
(c:/texlive/2021/texmf-dist/tex/latex/hyperref/hyperref-langpatches.def
File: hyperref-langpatches.def 2021-06-07 v7.00m Hyperref: patches for babel la
nguages
)
(c:/texlive/2021/texmf-dist/tex/generic/intcalc/intcalc.sty
Package: intcalc 2019/12/15 v1.3 Expandable calculations with integers (HO)
)
(c:/texlive/2021/texmf-dist/tex/generic/etexcmds/etexcmds.sty
Package: etexcmds 2019/12/15 v1.7 Avoid name clashes with e-TeX commands (HO)
)
\Hy@SavedSpaceFactor=\count199

(c:/texlive/2021/texmf-dist/tex/latex/hyperref/puenc.def
File: puenc.def 2021-06-07 v7.00m Hyperref: PDF Unicode definition (HO)
Now handling font encoding PU ...
... no UTF-8 mapping file for font encoding PU
)
Package hyperref Info: Hyper figures OFF on input line 4192.
Package hyperref Info: Link nesting OFF on input line 4197.
Package hyperref Info: Hyper index ON on input line 4200.
Package hyperref Info: Plain pages OFF on input line 4207.
Package hyperref Info: Backreferencing OFF on input line 4212.
Package hyperref Info: Implicit mode ON; LaTeX internals redefined.
Package hyperref Info: Bookmarks ON on input line 4445.
\c@Hy@tempcnt=\count266

(c:/texlive/2021/texmf-dist/tex/latex/url/url.sty
\Urlmuskip=\muskip16
Package: url 2013/09/16  ver 3.4  Verb mode for urls, etc.
)
LaTeX Info: Redefining \url on input line 4804.
\XeTeXLinkMargin=\dimen151

(c:/texlive/2021/texmf-dist/tex/generic/bitset/bitset.sty
Package: bitset 2019/12/09 v1.3 Handle bit-vector datatype (HO)

(c:/texlive/2021/texmf-dist/tex/generic/bigintcalc/bigintcalc.sty
Package: bigintcalc 2019/12/15 v1.5 Expandable calculations on big integers (HO
)
))
\Fld@menulength=\count267
\Field@Width=\dimen152
\Fld@charsize=\dimen153
Package hyperref Info: Hyper figures OFF on input line 6076.
Package hyperref Info: Link nesting OFF on input line 6081.
Package hyperref Info: Hyper index ON on input line 6084.
Package hyperref Info: backreferencing OFF on input line 6091.
Package hyperref Info: Link coloring OFF on input line 6096.
Package hyperref Info: Link coloring with OCG OFF on input line 6101.
Package hyperref Info: PDF/A mode OFF on input line 6106.
LaTeX Info: Redefining \ref on input line 6146.
LaTeX Info: Redefining \pageref on input line 6150.

(c:/texlive/2021/texmf-dist/tex/latex/base/atbegshi-ltx.sty
Package: atbegshi-ltx 2021/01/10 v1.0c Emulation of the original atbegshi
package with kernel methods
)
\Hy@abspage=\count268
\c@Item=\count269
\c@Hfootnote=\count270
)
Package hyperref Info: Driver (autodetected): hpdftex.

(c:/texlive/2021/texmf-dist/tex/latex/hyperref/hpdftex.def
File: hpdftex.def 2021-06-07 v7.00m Hyperref driver for pdfTeX

(c:/texlive/2021/texmf-dist/tex/latex/base/atveryend-ltx.sty
Package: atveryend-ltx 2020/08/19 v1.0a Emulation of the original atveryend pac
kage
with kernel methods
)
\Fld@listcount=\count271
\c@bookmark@seq@number=\count272

(c:/texlive/2021/texmf-dist/tex/latex/rerunfilecheck/rerunfilecheck.sty
Package: rerunfilecheck 2019/12/05 v1.9 Rerun checks for auxiliary files (HO)

(c:/texlive/2021/texmf-dist/tex/generic/uniquecounter/uniquecounter.sty
Package: uniquecounter 2019/12/15 v1.4 Provide unlimited unique counter (HO)
)
Package uniquecounter Info: New unique counter `rerunfilecheck' on input line 2
86.
)
\Hy@SectionHShift=\skip50
)
(c:/texlive/2021/texmf-dist/tex/generic/babel/babel.sty
Package: babel 2021/12/30 3.69 The Babel package
\babel@savecnt=\count273
\U@D=\dimen154
\l@unhyphenated=\language87

(c:/texlive/2021/texmf-dist/tex/generic/babel/txtbabel.def)
\bbl@readstream=\read2
\bbl@dirlevel=\count274

(c:/texlive/2021/texmf-dist/tex/generic/babel-english/english.ldf
Language: english 2017/06/06 v3.3r English support from the babel system
Package babel Info: Hyphen rules for 'canadian' set to \l@english
(babel)             (\language0). Reported on input line 102.
Package babel Info: Hyphen rules for 'australian' set to \l@ukenglish
(babel)             (\language21). Reported on input line 105.
Package babel Info: Hyphen rules for 'newzealand' set to \l@ukenglish
(babel)             (\language21). Reported on input line 108.
))
(c:/texlive/2021/texmf-dist/tex/latex/setspace/setspace.sty
Package: setspace 2011/12/19 v6.7a set line spacing
)
(c:/texlive/2021/texmf-dist/tex/latex/xcolor/xcolor.sty
Package: xcolor 2021/10/31 v2.13 LaTeX color extensions (UK)

(c:/texlive/2021/texmf-dist/tex/latex/graphics-cfg/color.cfg
File: color.cfg 2016/01/02 v1.6 sample color configuration
)
Package xcolor Info: Driver file: pdftex.def on input line 227.
Package xcolor Info: Model `cmy' substituted by `cmy0' on input line 1352.
Package xcolor Info: Model `hsb' substituted by `rgb' on input line 1356.
Package xcolor Info: Model `RGB' extended on input line 1368.
Package xcolor Info: Model `HTML' substituted by `rgb' on input line 1370.
Package xcolor Info: Model `Hsb' substituted by `hsb' on input line 1371.
Package xcolor Info: Model `tHsb' substituted by `hsb' on input line 1372.
Package xcolor Info: Model `HSB' substituted by `hsb' on input line 1373.
Package xcolor Info: Model `Gray' substituted by `gray' on input line 1374.
Package xcolor Info: Model `wave' substituted by `hsb' on input line 1375.
)
(c:/texlive/2021/texmf-dist/tex/latex/tools/multicol.sty
Package: multicol 2021/10/28 v1.9b multicolumn formatting (FMi)
\c@tracingmulticols=\count275
\mult@box=\box51
\multicol@leftmargin=\dimen155
\c@unbalance=\count276
\c@collectmore=\count277
\doublecol@number=\count278
\multicoltolerance=\count279
\multicolpretolerance=\count280
\full@width=\dimen156
\page@free=\dimen157
\premulticols=\dimen158
\postmulticols=\dimen159
\multicolsep=\skip51
\multicolbaselineskip=\skip52
\partial@page=\box52
\last@line=\box53
\maxbalancingoverflow=\dimen160
\mult@rightbox=\box54
\mult@grightbox=\box55
\mult@firstbox=\box56
\mult@gfirstbox=\box57
\@tempa=\box58
\@tempa=\box59
\@tempa=\box60
\@tempa=\box61
\@tempa=\box62
\@tempa=\box63
\@tempa=\box64
\@tempa=\box65
\@tempa=\box66
\@tempa=\box67
\@tempa=\box68
\@tempa=\box69
\@tempa=\box70
\@tempa=\box71
\@tempa=\box72
\@tempa=\box73
\@tempa=\box74
\@tempa=\box75
\@tempa=\box76
\@tempa=\box77
\@tempa=\box78
\@tempa=\box79
\@tempa=\box80
\@tempa=\box81
\@tempa=\box82
\@tempa=\box83
\@tempa=\box84
\@tempa=\box85
\@tempa=\box86
\@tempa=\box87
\@tempa=\box88
\@tempa=\box89
\@tempa=\box90
\@tempa=\box91
\@tempa=\box92
\@tempa=\box93
\c@minrows=\count281
\c@columnbadness=\count282
\c@finalcolumnbadness=\count283
\last@try=\dimen161
\multicolovershoot=\dimen162
\multicolundershoot=\dimen163
\mult@nat@firstbox=\box94
\colbreak@box=\box95
\mc@col@check@num=\count284
)
(c:/texlive/2021/texmf-dist/tex/latex/float/float.sty
Package: float 2001/11/08 v1.3d Float enhancements (AL)
\c@float@type=\count285
\float@exts=\toks19
\float@box=\box96
\@float@everytoks=\toks20
\@floatcapt=\box97
)
(c:/texlive/2021/texmf-dist/tex/latex/amsmath/amsmath.sty
Package: amsmath 2021/10/15 v2.17l AMS math features
\@mathmargin=\skip53

For additional information on amsmath, use the `?' option.
(c:/texlive/2021/texmf-dist/tex/latex/amsmath/amstext.sty
Package: amstext 2021/08/26 v2.01 AMS text

(c:/texlive/2021/texmf-dist/tex/latex/amsmath/amsgen.sty
File: amsgen.sty 1999/11/30 v2.0 generic functions
\@emptytoks=\toks21
\ex@=\dimen164
))
(c:/texlive/2021/texmf-dist/tex/latex/amsmath/amsbsy.sty
Package: amsbsy 1999/11/29 v1.2d Bold Symbols
\pmbraise@=\dimen165
)
(c:/texlive/2021/texmf-dist/tex/latex/amsmath/amsopn.sty
Package: amsopn 2021/08/26 v2.02 operator names
)
\inf@bad=\count286
LaTeX Info: Redefining \frac on input line 234.
\uproot@=\count287
\leftroot@=\count288
LaTeX Info: Redefining \overline on input line 399.
\classnum@=\count289
\DOTSCASE@=\count290
LaTeX Info: Redefining \ldots on input line 496.
LaTeX Info: Redefining \dots on input line 499.
LaTeX Info: Redefining \cdots on input line 620.
\Mathstrutbox@=\box98
\strutbox@=\box99
\big@size=\dimen166
LaTeX Font Info:    Redeclaring font encoding OML on input line 743.
LaTeX Font Info:    Redeclaring font encoding OMS on input line 744.
\macc@depth=\count291
\c@MaxMatrixCols=\count292
\dotsspace@=\muskip17
\c@parentequation=\count293
\dspbrk@lvl=\count294
\tag@help=\toks22
\row@=\count295
\column@=\count296
\maxfields@=\count297
\andhelp@=\toks23
\eqnshift@=\dimen167
\alignsep@=\dimen168
\tagshift@=\dimen169
\tagwidth@=\dimen170
\totwidth@=\dimen171
\lineht@=\dimen172
\@envbody=\toks24
\multlinegap=\skip54
\multlinetaggap=\skip55
\mathdisplay@stack=\toks25
LaTeX Info: Redefining \[ on input line 2938.
LaTeX Info: Redefining \] on input line 2939.
)
(c:/texlive/2021/texmf-dist/tex/latex/amscls/amsthm.sty
Package: amsthm 2020/05/29 v2.20.6
\thm@style=\toks26
\thm@bodyfont=\toks27
\thm@headfont=\toks28
\thm@notefont=\toks29
\thm@headpunct=\toks30
\thm@preskip=\skip56
\thm@postskip=\skip57
\thm@headsep=\skip58
\dth@everypar=\toks31
)
(c:/texlive/2021/texmf-dist/tex/latex/amsfonts/amssymb.sty
Package: amssymb 2013/01/14 v3.01 AMS font symbols

(c:/texlive/2021/texmf-dist/tex/latex/amsfonts/amsfonts.sty
Package: amsfonts 2013/01/14 v3.01 Basic AMSFonts support
\symAMSa=\mathgroup4
\symAMSb=\mathgroup5
LaTeX Font Info:    Redeclaring math symbol \hbar on input line 98.
LaTeX Font Info:    Overwriting math alphabet `\mathfrak' in version `bold'
(Font)                  U/euf/m/n --> U/euf/b/n on input line 106.
))
(c:/texlive/2021/texmf-dist/tex/latex/overpic/overpic.sty
Package: overpic 2020/02/22 1.3 picture overlays (RN)

(c:/texlive/2021/texmf-dist/tex/latex/eepic/epic.sty
Enhancements to Picture Environment. Version 1.2 - Released June 1, 1986
\@@multicnt=\count298
\d@lta=\count299
\@delta=\dimen173
\@@delta=\dimen174
\@gridcnt=\count300
\@joinkind=\count301
\@dotgap=\dimen175
\@ddotgap=\dimen176
\@x@diff=\count302
\@y@diff=\count303
\x@diff=\dimen177
\y@diff=\dimen178
\@dotbox=\box100
\num@segments=\count304
\num@segmentsi=\count305
\@datafile=\read3
)
\OVP@box=\box101
) (c:/texlive/2021/texmf-dist/tex/latex/caption/caption.sty
Package: caption 2020/10/26 v3.5g Customizing captions (AR)

(c:/texlive/2021/texmf-dist/tex/latex/caption/caption3.sty
Package: caption3 2020/10/21 v2.2e caption3 kernel (AR)
\captionmargin=\dimen179
\captionmargin@=\dimen180
\captionwidth=\dimen181
\caption@tempdima=\dimen182
\caption@indent=\dimen183
\caption@parindent=\dimen184
\caption@hangindent=\dimen185
Package caption Info: Standard document class detected.
)
\c@caption@flags=\count306
\c@continuedfloat=\count307
Package caption Info: float package is loaded.
Package caption Info: hyperref package is loaded.
)
(c:/texlive/2021/texmf-dist/tex/latex/biblatex/biblatex.sty
Package: biblatex 2020/12/31 v3.16 programmable bibliographies (PK/MW)

(c:/texlive/2021/texmf-dist/tex/latex/logreq/logreq.sty
Package: logreq 2010/08/04 v1.0 xml request logger
\lrq@indent=\count308

(c:/texlive/2021/texmf-dist/tex/latex/logreq/logreq.def
File: logreq.def 2010/08/04 v1.0 logreq spec v1.0
))
(c:/texlive/2021/texmf-dist/tex/latex/base/ifthen.sty
Package: ifthen 2020/11/24 v1.1c Standard LaTeX ifthen package (DPC)
)
\c@tabx@nest=\count309
\c@listtotal=\count310
\c@listcount=\count311
\c@liststart=\count312
\c@liststop=\count313
\c@citecount=\count314
\c@citetotal=\count315
\c@multicitecount=\count316
\c@multicitetotal=\count317
\c@instcount=\count318
\c@maxnames=\count319
\c@minnames=\count320
\c@maxitems=\count321
\c@minitems=\count322
\c@citecounter=\count323
\c@maxcitecounter=\count324
\c@savedcitecounter=\count325
\c@uniquelist=\count326
\c@uniquename=\count327
\c@refsection=\count328
\c@refsegment=\count329
\c@maxextratitle=\count330
\c@maxextratitleyear=\count331
\c@maxextraname=\count332
\c@maxextradate=\count333
\c@maxextraalpha=\count334
\c@abbrvpenalty=\count335
\c@highnamepenalty=\count336
\c@lownamepenalty=\count337
\c@maxparens=\count338
\c@parenlevel=\count339
\blx@tempcnta=\count340
\blx@tempcntb=\count341
\blx@tempcntc=\count342
\blx@maxsection=\count343
\blx@maxsegment@0=\count344
\blx@notetype=\count345
\blx@parenlevel@text=\count346
\blx@parenlevel@foot=\count347
\blx@sectionciteorder@0=\count348
\blx@entrysetcounter=\count349
\blx@biblioinstance=\count350
\labelnumberwidth=\skip59
\labelalphawidth=\skip60
\biblabelsep=\skip61
\bibitemsep=\skip62
\bibnamesep=\skip63
\bibinitsep=\skip64
\bibparsep=\skip65
\bibhang=\skip66
\blx@bcfin=\read4
\blx@bcfout=\write3
\blx@langwohyphens=\language88
\c@mincomprange=\count351
\c@maxcomprange=\count352
\c@mincompwidth=\count353
Package biblatex Info: Trying to load biblatex default data model...
Package biblatex Info: ... file 'blx-dm.def' found.

(c:/texlive/2021/texmf-dist/tex/latex/biblatex/blx-dm.def
File: blx-dm.def 2020/12/31 v3.16 biblatex localization (PK/MW)
)
Package biblatex Info: Trying to load biblatex style data model...
Package biblatex Info: ... file 'authoryear-comp.dbx' not found.
Package biblatex Info: Trying to load biblatex custom data model...
Package biblatex Info: ... file 'biblatex-dm.cfg' not found.
\c@afterword=\count354
\c@savedafterword=\count355
\c@annotator=\count356
\c@savedannotator=\count357
\c@author=\count358
\c@savedauthor=\count359
\c@bookauthor=\count360
\c@savedbookauthor=\count361
\c@commentator=\count362
\c@savedcommentator=\count363
\c@editor=\count364
\c@savededitor=\count365
\c@editora=\count366
\c@savededitora=\count367
\c@editorb=\count368
\c@savededitorb=\count369
\c@editorc=\count370
\c@savededitorc=\count371
\c@foreword=\count372
\c@savedforeword=\count373
\c@holder=\count374
\c@savedholder=\count375
\c@introduction=\count376
\c@savedintroduction=\count377
\c@namea=\count378
\c@savednamea=\count379
\c@nameb=\count380
\c@savednameb=\count381
\c@namec=\count382
\c@savednamec=\count383
\c@translator=\count384
\c@savedtranslator=\count385
\c@shortauthor=\count386
\c@savedshortauthor=\count387
\c@shorteditor=\count388
\c@savedshorteditor=\count389
\c@labelname=\count390
\c@savedlabelname=\count391
\c@institution=\count392
\c@savedinstitution=\count393
\c@lista=\count394
\c@savedlista=\count395
\c@listb=\count396
\c@savedlistb=\count397
\c@listc=\count398
\c@savedlistc=\count399
\c@listd=\count400
\c@savedlistd=\count401
\c@liste=\count402
\c@savedliste=\count403
\c@listf=\count404
\c@savedlistf=\count405
\c@location=\count406
\c@savedlocation=\count407
\c@organization=\count408
\c@savedorganization=\count409
\c@origlocation=\count410
\c@savedoriglocation=\count411
\c@origpublisher=\count412
\c@savedorigpublisher=\count413
\c@publisher=\count414
\c@savedpublisher=\count415
\c@language=\count416
\c@savedlanguage=\count417
\c@origlanguage=\count418
\c@savedoriglanguage=\count419
\c@pageref=\count420
\c@savedpageref=\count421
\shorthandwidth=\skip67
\shortjournalwidth=\skip68
\shortserieswidth=\skip69
\shorttitlewidth=\skip70
\shortauthorwidth=\skip71
\shorteditorwidth=\skip72
\locallabelnumberwidth=\skip73
\locallabelalphawidth=\skip74
\localshorthandwidth=\skip75
\localshortjournalwidth=\skip76
\localshortserieswidth=\skip77
\localshorttitlewidth=\skip78
\localshortauthorwidth=\skip79
\localshorteditorwidth=\skip80
Package biblatex Info: Trying to load compatibility code...
Package biblatex Info: ... file 'blx-compat.def' found.

(c:/texlive/2021/texmf-dist/tex/latex/biblatex/blx-compat.def
File: blx-compat.def 2020/12/31 v3.16 biblatex compatibility (PK/MW)
)
Package biblatex Info: Trying to load generic definitions...
Package biblatex Info: ... file 'biblatex.def' found.

(c:/texlive/2021/texmf-dist/tex/latex/biblatex/biblatex.def
File: biblatex.def 2020/12/31 v3.16 biblatex compatibility (PK/MW)
\c@textcitecount=\count422
\c@textcitetotal=\count423
\c@textcitemaxnames=\count424
\c@biburlbigbreakpenalty=\count425
\c@biburlbreakpenalty=\count426
\c@biburlnumpenalty=\count427
\c@biburlucpenalty=\count428
\c@biburllcpenalty=\count429
\biburlbigskip=\muskip18
\biburlnumskip=\muskip19
\biburlucskip=\muskip20
\biburllcskip=\muskip21
\c@smartand=\count430
)
Package biblatex Info: Trying to load bibliography style 'authoryear-comp'...
Package biblatex Info: ... file 'authoryear-comp.bbx' found.

(c:/texlive/2021/texmf-dist/tex/latex/biblatex/bbx/authoryear-comp.bbx
File: authoryear-comp.bbx 2020/12/31 v3.16 biblatex bibliography style (PK/MW)
Package biblatex Info: Trying to load bibliography style 'authoryear'...
Package biblatex Info: ... file 'authoryear.bbx' found.

(c:/texlive/2021/texmf-dist/tex/latex/biblatex/bbx/authoryear.bbx
File: authoryear.bbx 2020/12/31 v3.16 biblatex bibliography style (PK/MW)
Package biblatex Info: Trying to load bibliography style 'standard'...
Package biblatex Info: ... file 'standard.bbx' found.

(c:/texlive/2021/texmf-dist/tex/latex/biblatex/bbx/standard.bbx
File: standard.bbx 2020/12/31 v3.16 biblatex bibliography style (PK/MW)
\c@bbx:relatedcount=\count431
\c@bbx:relatedtotal=\count432
)))
Package biblatex Info: Trying to load citation style 'authoryear-comp'...
Package biblatex Info: ... file 'authoryear-comp.cbx' found.

(c:/texlive/2021/texmf-dist/tex/latex/biblatex/cbx/authoryear-comp.cbx
File: authoryear-comp.cbx 2020/12/31 v3.16 biblatex citation style (PK/MW)
Package biblatex Info: Redefining '\cite'.
Package biblatex Info: Redefining '\parencite'.
Package biblatex Info: Redefining '\footcite'.
Package biblatex Info: Redefining '\footcitetext'.
Package biblatex Info: Redefining '\smartcite'.
Package biblatex Info: Redefining '\textcite'.
Package biblatex Info: Redefining '\textcites'.
Package biblatex Info: Redefining '\cites'.
Package biblatex Info: Redefining '\parencites'.
Package biblatex Info: Redefining '\footcites'.
Package biblatex Info: Redefining '\footcitetexts'.
Package biblatex Info: Redefining '\smartcites'.
)
Package biblatex Info: Trying to load configuration file...
Package biblatex Info: ... file 'biblatex.cfg' found.

(c:/texlive/2021/texmf-dist/tex/latex/biblatex/biblatex.cfg
File: biblatex.cfg 
))

Package biblatex Warning: 'babel/polyglossia' detected but 'csquotes' missing.
(biblatex)                Loading 'csquotes' recommended.

\@quotelevel=\count433
\@quotereset=\count434
(c:/texlive/2021/texmf-dist/tex/latex/l3backend/l3backend-pdftex.def
File: l3backend-pdftex.def 2021-12-14 L3 backend support: PDF output (pdfTeX)
\l__color_backend_stack_int=\count435
\l__pdf_internal_box=\box102
)
(./main.aux)
\openout1 = `main.aux'.

LaTeX Font Info:    Checking defaults for OML/cmm/m/it on input line 30.
LaTeX Font Info:    ... okay on input line 30.
LaTeX Font Info:    Checking defaults for OMS/cmsy/m/n on input line 30.
LaTeX Font Info:    ... okay on input line 30.
LaTeX Font Info:    Checking defaults for OT1/cmr/m/n on input line 30.
LaTeX Font Info:    ... okay on input line 30.
LaTeX Font Info:    Checking defaults for T1/cmr/m/n on input line 30.
LaTeX Font Info:    ... okay on input line 30.
LaTeX Font Info:    Checking defaults for TS1/cmr/m/n on input line 30.
LaTeX Font Info:    ... okay on input line 30.
LaTeX Font Info:    Checking defaults for OMX/cmex/m/n on input line 30.
LaTeX Font Info:    ... okay on input line 30.
LaTeX Font Info:    Checking defaults for U/cmr/m/n on input line 30.
LaTeX Font Info:    ... okay on input line 30.
LaTeX Font Info:    Checking defaults for PD1/pdf/m/n on input line 30.
LaTeX Font Info:    ... okay on input line 30.
LaTeX Font Info:    Checking defaults for PU/pdf/m/n on input line 30.
LaTeX Font Info:    ... okay on input line 30.

*geometry* driver: auto-detecting
*geometry* detected driver: pdftex
*geometry* verbose mode - [ preamble ] result:
* driver: pdftex
* paper: a4paper
* layout: <same size as paper>
* layoutoffset:(h,v)=(0.0pt,0.0pt)
* modes: twoside 
* h-part:(L,W,R)=(56.9055pt, 483.69687pt, 56.9055pt)
* v-part:(T,H,B)=(56.9055pt, 731.23584pt, 56.9055pt)
* \paperwidth=597.50787pt
* \paperheight=845.04684pt
* \textwidth=483.69687pt
* \textheight=731.23584pt
* \oddsidemargin=-15.36449pt
* \evensidemargin=-15.36449pt
* \topmargin=-52.36449pt
* \headheight=12.0pt
* \headsep=25.0pt
* \topskip=11.0pt
* \footskip=30.0pt
* \marginparwidth=103.0pt
* \marginparsep=10.0pt
* \columnsep=10.0pt
* \skip\footins=10.0pt plus 4.0pt minus 2.0pt
* \hoffset=0.0pt
* \voffset=0.0pt
* \mag=1000
* \@twocolumnfalse
* \@twosidetrue
* \@mparswitchtrue
* \@reversemarginfalse
* (1in=72.27pt=25.4mm, 1cm=28.453pt)

LaTeX Info: Redefining \microtypecontext on input line 30.
Package microtype Info: Applying patch `item' on input line 30.
Package microtype Info: Applying patch `toc' on input line 30.
Package microtype Info: Applying patch `eqnum' on input line 30.

Package microtype Warning: Unable to apply patch `footnote' on input line 30.

Package microtype Info: Generating PDF output.
Package microtype Info: Character protrusion enabled (level 2).
Package microtype Info: Using default protrusion set `alltext'.
Package microtype Info: Automatic font expansion enabled (level 2),
(microtype)             stretch: 20, shrink: 20, step: 1, non-selected.
Package microtype Info: Using default expansion set `alltext-nott'.
LaTeX Info: Redefining \showhyphens on input line 30.
Package microtype Info: No adjustment of tracking.
Package microtype Info: No adjustment of interword spacing.
Package microtype Info: No adjustment of character kerning.
(c:/texlive/2021/texmf-dist/tex/latex/microtype/mt-cmr.cfg
File: mt-cmr.cfg 2013/05/19 v2.2 microtype config. file: Computer Modern Roman 
(RS)
)
(c:/texlive/2021/texmf-dist/tex/context/base/mkii/supp-pdf.mkii
[Loading MPS to PDF converter (version 2006.09.02).]
\scratchcounter=\count436
\scratchdimen=\dimen186
\scratchbox=\box103
\nofMPsegments=\count437
\nofMParguments=\count438
\everyMPshowfont=\toks32
\MPscratchCnt=\count439
\MPscratchDim=\dimen187
\MPnumerator=\count440
\makeMPintoPDFobject=\count441
\everyMPtoPDFconversion=\toks33
) (c:/texlive/2021/texmf-dist/tex/latex/epstopdf-pkg/epstopdf-base.sty
Package: epstopdf-base 2020-01-24 v2.11 Base part for package epstopdf

(c:/texlive/2021/texmf-dist/tex/latex/grfext/grfext.sty
Package: grfext 2019/12/03 v1.3 Manage graphics extensions (HO)
)
Package epstopdf-base Info: Redefining graphics rule for `.eps' on input line 4
85.
Package grfext Info: Graphics extension search list:
(grfext)             [.pdf,.png,.jpg,.mps,.jpeg,.jbig2,.jb2,.PDF,.PNG,.JPG,.JPE
G,.JBIG2,.JB2,.eps]
(grfext)             \AppendGraphicsExtensions on input line 504.

(c:/texlive/2021/texmf-dist/tex/latex/latexconfig/epstopdf-sys.cfg
File: epstopdf-sys.cfg 2010/07/13 v1.3 Configuration of (r)epstopdf for TeX Liv
e
))
Package hyperref Info: Link coloring OFF on input line 30.

(c:/texlive/2021/texmf-dist/tex/latex/hyperref/nameref.sty
Package: nameref 2021-04-02 v2.47 Cross-referencing by name of section

(c:/texlive/2021/texmf-dist/tex/latex/refcount/refcount.sty
Package: refcount 2019/12/15 v3.6 Data extraction from label references (HO)
)
(c:/texlive/2021/texmf-dist/tex/generic/gettitlestring/gettitlestring.sty
Package: gettitlestring 2019/12/15 v1.6 Cleanup title references (HO)
)
\c@section@level=\count442
)
LaTeX Info: Redefining \ref on input line 30.
LaTeX Info: Redefining \pageref on input line 30.
LaTeX Info: Redefining \nameref on input line 30.

(./main.out) (./main.out)
\@outlinefile=\write4
\openout4 = `main.out'.

Package caption Info: Begin \AtBeginDocument code.
Package caption Info: End \AtBeginDocument code.
Package biblatex Info: Trying to load language 'english'...
Package biblatex Info: ... file 'english.lbx' found.

(c:/texlive/2021/texmf-dist/tex/latex/biblatex/lbx/english.lbx
File: english.lbx 2020/12/31 v3.16 biblatex localization (PK/MW)
)
Package biblatex Info: Input encoding 'utf8' detected.
Package biblatex Info: Automatic encoding selection.
(biblatex)             Assuming data encoding 'utf8'.
Package biblatex Info: Document encoding is UTF8 ....

(c:/texlive/2021/texmf-dist/tex/latex/l3kernel/expl3.sty
Package: expl3 2021-11-22 L3 programming layer (loader) 
)
Package biblatex Info: ... and expl3
(biblatex)             2021-11-22 L3 programming layer (loader) 
(biblatex)             is new enough (at least 2020/04/06),
(biblatex)             setting 'casechanger=expl3'.

(c:/texlive/2021/texmf-dist/tex/latex/biblatex/blx-case-expl3.sty
(c:/texlive/2021/texmf-dist/tex/latex/l3packages/xparse/xparse.sty
Package: xparse 2021-11-12 L3 Experimental document command parser
)
Package: blx-case-expl3 2020/12/31 v3.16 expl3 case changing code for biblatex
)
\openout3 = `main.bcf'.

Package biblatex Info: Trying to load bibliographic data...
Package biblatex Info: ... file 'main.bbl' found.

(./main.bbl)
Package biblatex Info: Reference section=0 on input line 30.
Package biblatex Info: Reference segment=0 on input line 30.
LaTeX Font Info:    Trying to load font information for U+msa on input line 37.

 (c:/texlive/2021/texmf-dist/tex/latex/amsfonts/umsa.fd
File: umsa.fd 2013/01/14 v3.01 AMS symbols A
)
(c:/texlive/2021/texmf-dist/tex/latex/microtype/mt-msa.cfg
File: mt-msa.cfg 2006/02/04 v1.1 microtype config. file: AMS symbols (a) (RS)
)
LaTeX Font Info:    Trying to load font information for U+msb on input line 37.


(c:/texlive/2021/texmf-dist/tex/latex/amsfonts/umsb.fd
File: umsb.fd 2013/01/14 v3.01 AMS symbols B
)
(c:/texlive/2021/texmf-dist/tex/latex/microtype/mt-msb.cfg
File: mt-msb.cfg 2005/06/01 v1.0 microtype config. file: AMS symbols (b) (RS)
) [1

{c:/texlive/2021/texmf-var/fonts/map/pdftex/updmap/pdftex.map}] (./main.toc)
\tf@toc=\write5
\openout5 = `main.toc'.

 [2]
Underfull \hbox (badness 10000) in paragraph at lines 62--64

 []

[3] [4] [5]
Underfull \vbox (badness 7238) has occurred while \output is active []

 [6]
Underfull \hbox (badness 10000) in paragraph at lines 182--183

 []


Underfull \hbox (badness 10000) in paragraph at lines 201--202

 []


Underfull \vbox (badness 1661) has occurred while \output is active []

 [7]
<../Graphics/basis_expansions.pdf, id=286, 1445.4pt x 578.16pt>
File: ../Graphics/basis_expansions.pdf Graphic file (type pdf)
<use ../Graphics/basis_expansions.pdf>
Package pdftex.def Info: ../Graphics/basis_expansions.pdf  used on input line 2
11.
(pdftex.def)             Requested size: 483.69687pt x 193.47527pt.

Underfull \vbox (badness 10000) has occurred while \output is active []

 [8 <../Graphics/basis_expansions.pdf>] [9]
Underfull \vbox (badness 10000) has occurred while \output is active []

 [10]
Underfull \vbox (badness 10000) has occurred while \output is active []

 [11]
Underfull \vbox (badness 3623) has occurred while \output is active []

 [12]
[13] [14]
Underfull \hbox (badness 10000) in paragraph at lines 490--491

 []

[15]
<../Graphics/f1_plot.pdf, id=399, 1445.4pt x 867.24pt>
File: ../Graphics/f1_plot.pdf Graphic file (type pdf)
<use ../Graphics/f1_plot.pdf>
Package pdftex.def Info: ../Graphics/f1_plot.pdf  used on input line 531.
(pdftex.def)             Requested size: 241.84843pt x 145.09984pt.
<../Graphics/f2_plot.pdf, id=400, 1445.4pt x 867.24pt>
File: ../Graphics/f2_plot.pdf Graphic file (type pdf)
<use ../Graphics/f2_plot.pdf>
Package pdftex.def Info: ../Graphics/f2_plot.pdf  used on input line 537.
(pdftex.def)             Requested size: 241.84843pt x 145.09984pt.

Underfull \vbox (badness 2538) has occurred while \output is active []

 [16]
Underfull \hbox (badness 10000) in paragraph at lines 551--552

 []


Underfull \vbox (badness 2409) has occurred while \output is active []

 [17 <../Graphics/f1_plot.pdf> <../Graphics/f2_plot.pdf>] [18] [19]
Underfull \vbox (badness 10000) has occurred while \output is active []

 [20]
[21] [22]
<../Graphics/NIR_data.pdf, id=500, 1445.4pt x 867.24pt>
File: ../Graphics/NIR_data.pdf Graphic file (type pdf)
<use ../Graphics/NIR_data.pdf>
Package pdftex.def Info: ../Graphics/NIR_data.pdf  used on input line 677.
(pdftex.def)             Requested size: 483.69687pt x 290.21292pt.
<../Graphics/FinderSD.jpg, id=501, 1505.625pt x 1004.25188pt>
File: ../Graphics/FinderSD.jpg Graphic file (type jpg)
<use ../Graphics/FinderSD.jpg>
Package pdftex.def Info: ../Graphics/FinderSD.jpg  used on input line 680.
(pdftex.def)             Requested size: 193.47578pt x 129.04028pt.
 [23 <../Graphics/NIR_data.pdf> <../Graphics/FinderSD.jpg>]
<../Graphics/Fourier_Basis.pdf, id=517, 1445.4pt x 578.16pt>
File: ../Graphics/Fourier_Basis.pdf Graphic file (type pdf)
<use ../Graphics/Fourier_Basis.pdf>
Package pdftex.def Info: ../Graphics/Fourier_Basis.pdf  used on input line 692.

(pdftex.def)             Requested size: 483.69687pt x 193.47527pt.
<../Graphics/Bspline_Basis.pdf, id=518, 1445.4pt x 578.16pt>
File: ../Graphics/Bspline_Basis.pdf Graphic file (type pdf)
<use ../Graphics/Bspline_Basis.pdf>
Package pdftex.def Info: ../Graphics/Bspline_Basis.pdf  used on input line 697.

(pdftex.def)             Requested size: 483.69687pt x 193.47527pt.
<../Graphics/Monomial_Basis.pdf, id=519, 1445.4pt x 578.16pt>
File: ../Graphics/Monomial_Basis.pdf Graphic file (type pdf)
<use ../Graphics/Monomial_Basis.pdf>
Package pdftex.def Info: ../Graphics/Monomial_Basis.pdf  used on input line 702
.
(pdftex.def)             Requested size: 483.69687pt x 193.47527pt.
<../Graphics/Legendre_Plot.pdf, id=520, 1445.4pt x 578.16pt>
File: ../Graphics/Legendre_Plot.pdf Graphic file (type pdf)
<use ../Graphics/Legendre_Plot.pdf>
Package pdftex.def Info: ../Graphics/Legendre_Plot.pdf  used on input line 707.

(pdftex.def)             Requested size: 483.69687pt x 193.47527pt.

Underfull \vbox (badness 1622) has occurred while \output is active []

 [24 <../Graphics/Fourier_Basis.pdf> <../Graphics/Bspline_Basis.pdf> <../Graphi
cs/Monomial_Basis.pdf>] (./tables_simulation.tex
Underfull \vbox (badness 10000) has occurred while \output is active []

 [25 <../Graphics/Legendre_plot.pdf>]
Underfull \vbox (badness 10000) has occurred while \output is active []

 [26]
Underfull \vbox (badness 10000) has occurred while \output is active []

 [27]
Underfull \vbox (badness 10000) has occurred while \output is active []

 [28]
Underfull \vbox (badness 10000) has occurred while \output is active []

 [29])
[30]
<../Graphics/Curve_Estimates/basis_expansion_1_1.pdf, id=590, 1445.4pt x 867.24
pt>
File: ../Graphics/Curve_Estimates/basis_expansion_1_1.pdf Graphic file (type pd
f)
<use ../Graphics/Curve_Estimates/basis_expansion_1_1.pdf>
Package pdftex.def Info: ../Graphics/Curve_Estimates/basis_expansion_1_1.pdf  u
sed on input line 720.
(pdftex.def)             Requested size: 241.84843pt x 145.09984pt.
<../Graphics/Curve_Estimates/basis_expansion_1_2.pdf, id=591, 1445.4pt x 867.24
pt>
File: ../Graphics/Curve_Estimates/basis_expansion_1_2.pdf Graphic file (type pd
f)
<use ../Graphics/Curve_Estimates/basis_expansion_1_2.pdf>
Package pdftex.def Info: ../Graphics/Curve_Estimates/basis_expansion_1_2.pdf  u
sed on input line 726.
(pdftex.def)             Requested size: 241.84843pt x 145.09984pt.
<../Graphics/Curve_Estimates/basis_expansion_2_1.pdf, id=592, 1445.4pt x 867.24
pt>
File: ../Graphics/Curve_Estimates/basis_expansion_2_1.pdf Graphic file (type pd
f)
<use ../Graphics/Curve_Estimates/basis_expansion_2_1.pdf>
Package pdftex.def Info: ../Graphics/Curve_Estimates/basis_expansion_2_1.pdf  u
sed on input line 736.
(pdftex.def)             Requested size: 241.84843pt x 145.09984pt.
<../Graphics/Curve_Estimates/basis_expansion_2_2.pdf, id=593, 1445.4pt x 867.24
pt>
File: ../Graphics/Curve_Estimates/basis_expansion_2_2.pdf Graphic file (type pd
f)
<use ../Graphics/Curve_Estimates/basis_expansion_2_2.pdf>
Package pdftex.def Info: ../Graphics/Curve_Estimates/basis_expansion_2_2.pdf  u
sed on input line 742.
(pdftex.def)             Requested size: 241.84843pt x 145.09984pt.
<../Graphics/Curve_Estimates/fpcr_nharm2_1_1.pdf, id=594, 1445.4pt x 867.24pt>
File: ../Graphics/Curve_Estimates/fpcr_nharm2_1_1.pdf Graphic file (type pdf)
<use ../Graphics/Curve_Estimates/fpcr_nharm2_1_1.pdf>
Package pdftex.def Info: ../Graphics/Curve_Estimates/fpcr_nharm2_1_1.pdf  used 
on input line 752.
(pdftex.def)             Requested size: 241.84843pt x 145.09984pt.
<../Graphics/Curve_Estimates/fpcr_nharm2_1_2.pdf, id=595, 1445.4pt x 867.24pt>
File: ../Graphics/Curve_Estimates/fpcr_nharm2_1_2.pdf Graphic file (type pdf)
<use ../Graphics/Curve_Estimates/fpcr_nharm2_1_2.pdf>
Package pdftex.def Info: ../Graphics/Curve_Estimates/fpcr_nharm2_1_2.pdf  used 
on input line 758.
(pdftex.def)             Requested size: 241.84843pt x 145.09984pt.
<../Graphics/Curve_Estimates/fpcr_nharm2_2_1.pdf, id=596, 1445.4pt x 867.24pt>
File: ../Graphics/Curve_Estimates/fpcr_nharm2_2_1.pdf Graphic file (type pdf)
<use ../Graphics/Curve_Estimates/fpcr_nharm2_2_1.pdf>
Package pdftex.def Info: ../Graphics/Curve_Estimates/fpcr_nharm2_2_1.pdf  used 
on input line 769.
(pdftex.def)             Requested size: 241.84843pt x 145.09984pt.
<../Graphics/Curve_Estimates/fpcr_nharm2_2_2.pdf, id=597, 1445.4pt x 867.24pt>
File: ../Graphics/Curve_Estimates/fpcr_nharm2_2_2.pdf Graphic file (type pdf)
<use ../Graphics/Curve_Estimates/fpcr_nharm2_2_2.pdf>
Package pdftex.def Info: ../Graphics/Curve_Estimates/fpcr_nharm2_2_2.pdf  used 
on input line 775.
(pdftex.def)             Requested size: 241.84843pt x 145.09984pt.
<../Graphics/Curve_Estimates/fpcr_nharm3_1_1.pdf, id=598, 1445.4pt x 867.24pt>
File: ../Graphics/Curve_Estimates/fpcr_nharm3_1_1.pdf Graphic file (type pdf)
<use ../Graphics/Curve_Estimates/fpcr_nharm3_1_1.pdf>
Package pdftex.def Info: ../Graphics/Curve_Estimates/fpcr_nharm3_1_1.pdf  used 
on input line 785.
(pdftex.def)             Requested size: 241.84843pt x 145.09984pt.
<../Graphics/Curve_Estimates/fpcr_nharm3_1_2.pdf, id=599, 1445.4pt x 867.24pt>
File: ../Graphics/Curve_Estimates/fpcr_nharm3_1_2.pdf Graphic file (type pdf)
<use ../Graphics/Curve_Estimates/fpcr_nharm3_1_2.pdf>
Package pdftex.def Info: ../Graphics/Curve_Estimates/fpcr_nharm3_1_2.pdf  used 
on input line 791.
(pdftex.def)             Requested size: 241.84843pt x 145.09984pt.
 [31 <../Graphics/Curve_Estimates/basis_expansion_1_1.pdf> <../Graphics/Curve_E
stimates/basis_expansion_1_2.pdf> <../Graphics/Curve_Estimates/basis_expansion_
2_1.pdf> <../Graphics/Curve_Estimates/basis_expansion_2_2.pdf> <../Graphics/Cur
ve_Estimates/fpcr_nharm2_1_1.pdf> <../Graphics/Curve_Estimates/fpcr_nharm2_1_2.
pdf> <../Graphics/Curve_Estimates/fpcr_nharm2_2_1.pdf> <../Graphics/Curve_Estim
ates/fpcr_nharm2_2_2.pdf>]
<../Graphics/Curve_Estimates/fpcr_nharm3_2_1.pdf, id=647, 1445.4pt x 867.24pt>
File: ../Graphics/Curve_Estimates/fpcr_nharm3_2_1.pdf Graphic file (type pdf)
<use ../Graphics/Curve_Estimates/fpcr_nharm3_2_1.pdf>
Package pdftex.def Info: ../Graphics/Curve_Estimates/fpcr_nharm3_2_1.pdf  used 
on input line 801.
(pdftex.def)             Requested size: 241.84843pt x 145.09984pt.
<../Graphics/Curve_Estimates/fpcr_nharm3_2_2.pdf, id=648, 1445.4pt x 867.24pt>
File: ../Graphics/Curve_Estimates/fpcr_nharm3_2_2.pdf Graphic file (type pdf)
<use ../Graphics/Curve_Estimates/fpcr_nharm3_2_2.pdf>
Package pdftex.def Info: ../Graphics/Curve_Estimates/fpcr_nharm3_2_2.pdf  used 
on input line 807.
(pdftex.def)             Requested size: 241.84843pt x 145.09984pt.
<../Graphics/Curve_Estimates/fpcr_nharm4_1_1.pdf, id=649, 1445.4pt x 867.24pt>
File: ../Graphics/Curve_Estimates/fpcr_nharm4_1_1.pdf Graphic file (type pdf)
<use ../Graphics/Curve_Estimates/fpcr_nharm4_1_1.pdf>
Package pdftex.def Info: ../Graphics/Curve_Estimates/fpcr_nharm4_1_1.pdf  used 
on input line 817.
(pdftex.def)             Requested size: 241.84843pt x 145.09984pt.
<../Graphics/Curve_Estimates/fpcr_nharm4_1_2.pdf, id=650, 1445.4pt x 867.24pt>
File: ../Graphics/Curve_Estimates/fpcr_nharm4_1_2.pdf Graphic file (type pdf)
<use ../Graphics/Curve_Estimates/fpcr_nharm4_1_2.pdf>
Package pdftex.def Info: ../Graphics/Curve_Estimates/fpcr_nharm4_1_2.pdf  used 
on input line 823.
(pdftex.def)             Requested size: 241.84843pt x 145.09984pt.
<../Graphics/Curve_Estimates/fpcr_nharm4_2_1.pdf, id=651, 1445.4pt x 867.24pt>
File: ../Graphics/Curve_Estimates/fpcr_nharm4_2_1.pdf Graphic file (type pdf)
<use ../Graphics/Curve_Estimates/fpcr_nharm4_2_1.pdf>
Package pdftex.def Info: ../Graphics/Curve_Estimates/fpcr_nharm4_2_1.pdf  used 
on input line 833.
(pdftex.def)             Requested size: 241.84843pt x 145.09984pt.
<../Graphics/Curve_Estimates/fpcr_nharm4_2_2.pdf, id=652, 1445.4pt x 867.24pt>
File: ../Graphics/Curve_Estimates/fpcr_nharm4_2_2.pdf Graphic file (type pdf)
<use ../Graphics/Curve_Estimates/fpcr_nharm4_2_2.pdf>
Package pdftex.def Info: ../Graphics/Curve_Estimates/fpcr_nharm4_2_2.pdf  used 
on input line 839.
(pdftex.def)             Requested size: 241.84843pt x 145.09984pt.
 [32 <../Graphics/Curve_Estimates/fpcr_nharm3_1_1.pdf> <../Graphics/Curve_Estim
ates/fpcr_nharm3_1_2.pdf> <../Graphics/Curve_Estimates/fpcr_nharm3_2_1.pdf> <..
/Graphics/Curve_Estimates/fpcr_nharm3_2_2.pdf> <../Graphics/Curve_Estimates/fpc
r_nharm4_1_1.pdf> <../Graphics/Curve_Estimates/fpcr_nharm4_1_2.pdf> <../Graphic
s/Curve_Estimates/fpcr_nharm4_2_1.pdf> <../Graphics/Curve_Estimates/fpcr_nharm4
_2_2.pdf>] (./tables_application.tex
Underfull \vbox (badness 10000) has occurred while \output is active []

 [33])
[34]
<../Graphics/Appl_Curve_Estimates/appl_basis_expansion.pdf, id=714, 1445.4pt x 
867.24pt>
File: ../Graphics/Appl_Curve_Estimates/appl_basis_expansion.pdf Graphic file (t
ype pdf)
<use ../Graphics/Appl_Curve_Estimates/appl_basis_expansion.pdf>
Package pdftex.def Info: ../Graphics/Appl_Curve_Estimates/appl_basis_expansion.
pdf  used on input line 855.
(pdftex.def)             Requested size: 241.84843pt x 145.09984pt.
<../Graphics/Appl_Curve_Estimates/fpcr_nharm2.pdf, id=715, 1445.4pt x 867.24pt>

File: ../Graphics/Appl_Curve_Estimates/fpcr_nharm2.pdf Graphic file (type pdf)
<use ../Graphics/Appl_Curve_Estimates/fpcr_nharm2.pdf>
Package pdftex.def Info: ../Graphics/Appl_Curve_Estimates/fpcr_nharm2.pdf  used
 on input line 861.
(pdftex.def)             Requested size: 241.84843pt x 145.09984pt.
<../Graphics/Appl_Curve_Estimates/fpcr_nharm3.pdf, id=716, 1445.4pt x 867.24pt>

File: ../Graphics/Appl_Curve_Estimates/fpcr_nharm3.pdf Graphic file (type pdf)
<use ../Graphics/Appl_Curve_Estimates/fpcr_nharm3.pdf>
Package pdftex.def Info: ../Graphics/Appl_Curve_Estimates/fpcr_nharm3.pdf  used
 on input line 871.
(pdftex.def)             Requested size: 241.84843pt x 145.09984pt.
<../Graphics/Appl_Curve_Estimates/fpcr_nharm4.pdf, id=717, 1445.4pt x 867.24pt>

File: ../Graphics/Appl_Curve_Estimates/fpcr_nharm4.pdf Graphic file (type pdf)
<use ../Graphics/Appl_Curve_Estimates/fpcr_nharm4.pdf>
Package pdftex.def Info: ../Graphics/Appl_Curve_Estimates/fpcr_nharm4.pdf  used
 on input line 877.
(pdftex.def)             Requested size: 241.84843pt x 145.09984pt.

Underfull \vbox (badness 10000) has occurred while \output is active []

 [35 <../Graphics/Appl_Curve_Estimates/appl_basis_expansion.pdf> <../Graphics/A
ppl_Curve_Estimates/fpcr_nharm2.pdf> <../Graphics/Appl_Curve_Estimates/fpcr_nha
rm3.pdf> <../Graphics/Appl_Curve_Estimates/fpcr_nharm4.pdf>] [36] [37]
Underfull \vbox (badness 10000) has occurred while \output is active []

 [38]
[39]
Package microtype Info: Loading generic protrusion settings for font family
(microtype)             `cmtt' (encoding: OT1).
(microtype)             For optimal results, create family-specific settings.
(microtype)             See the microtype manual for details.
 [40] [41] [42] (./main.aux)
Package rerunfilecheck Info: File `main.out' has not changed.
(rerunfilecheck)             Checksum: DE1EE7B823DCA51B0EDC2BD32D410E00;7544.
Package logreq Info: Writing requests to 'main.run.xml'.
\openout1 = `main.run.xml'.

 ) 
Here is how much of TeX's memory you used:
 22963 strings out of 478353
 402961 string characters out of 5852101
 1172864 words of memory out of 5000000
 40360 multiletter control sequences out of 15000+600000
 422907 words of font info for 169 fonts, out of 8000000 for 9000
 1141 hyphenation exceptions out of 8191
 60i,23n,63p,2259b,1727s stack positions out of 5000i,500n,10000p,200000b,80000s
pdfTeX warning (dest): name{Hfootnote.3} has been referenced but does not exi
st, replaced by a fixed one

pdfTeX warning (dest): name{Hfootnote.2} has been referenced but does not exist
, replaced by a fixed one

pdfTeX warning (dest): name{Hfootnote.1} has been referenced but does not exist
, replaced by a fixed one

<c:/texlive/2021/texmf-dist/fonts/type1/public/amsfonts/cm/cmbx10.pfb><c:/texli
ve/2021/texmf-dist/fonts/type1/public/amsfonts/cm/cmbx12.pfb><c:/texlive/2021/t
exmf-dist/fonts/type1/public/amsfonts/cm/cmbx8.pfb><c:/texlive/2021/texmf-dist/
fonts/type1/public/amsfonts/cm/cmcsc10.pfb><c:/texlive/2021/texmf-dist/fonts/ty
pe1/public/amsfonts/cm/cmex10.pfb><c:/texlive/2021/texmf-dist/fonts/type1/publi
c/amsfonts/cm/cmmi10.pfb><c:/texlive/2021/texmf-dist/fonts/type1/public/amsfont
s/cm/cmmi8.pfb><c:/texlive/2021/texmf-dist/fonts/type1/public/amsfonts/cm/cmmib
10.pfb><c:/texlive/2021/texmf-dist/fonts/type1/public/amsfonts/cm/cmr10.pfb><c:
/texlive/2021/texmf-dist/fonts/type1/public/amsfonts/cm/cmr12.pfb><c:/texlive/2
021/texmf-dist/fonts/type1/public/amsfonts/cm/cmr17.pfb><c:/texlive/2021/texmf-
dist/fonts/type1/public/amsfonts/cm/cmr6.pfb><c:/texlive/2021/texmf-dist/fonts/
type1/public/amsfonts/cm/cmr7.pfb><c:/texlive/2021/texmf-dist/fonts/type1/publi
c/amsfonts/cm/cmr8.pfb><c:/texlive/2021/texmf-dist/fonts/type1/public/amsfonts/
cm/cmr9.pfb><c:/texlive/2021/texmf-dist/fonts/type1/public/amsfonts/cm/cmsy10.p
fb><c:/texlive/2021/texmf-dist/fonts/type1/public/amsfonts/cm/cmsy8.pfb><c:/tex
live/2021/texmf-dist/fonts/type1/public/amsfonts/cm/cmti10.pfb><c:/texlive/2021
/texmf-dist/fonts/type1/public/amsfonts/cm/cmtt10.pfb><c:/texlive/2021/texmf-di
st/fonts/type1/public/amsfonts/symbols/msbm10.pfb>
Output written on main.pdf (42 pages, 1490819 bytes).
PDF statistics:
 969 PDF objects out of 1000 (max. 8388607)
 819 compressed objects within 9 object streams
 241 named destinations out of 1000 (max. 500000)
 35770 words of extra memory for PDF output out of 35830 (max. 10000000)

