\BOOKMARK [1][-]{section.1}{\376\377\000I\000n\000t\000r\000o\000d\000u\000c\000t\000i\000o\000n}{}% 1
\BOOKMARK [1][-]{section.2}{\376\377\000T\000h\000e\000o\000r\000y}{}% 2
\BOOKMARK [2][-]{subsection.2.1}{\376\377\000I\000n\000n\000e\000r\000\040\000P\000r\000o\000d\000u\000c\000t\000s\000\040\000a\000n\000d\000\040\000H\000i\000l\000b\000e\000r\000t\000\040\000S\000p\000a\000c\000e\000s}{section.2}% 3
\BOOKMARK [2][-]{subsection.2.2}{\376\377\000R\000a\000n\000d\000o\000m\000\040\000F\000u\000n\000c\000t\000i\000o\000n\000s\000\040\000i\000n\000\040\000t\000h\000e\000\040\000H\000i\000l\000b\000e\000r\000t\000\040\000S\000p\000a\000c\000e\000\040\000o\000f\000\040\000S\000q\000u\000a\000r\000e\000-\000I\000n\000t\000e\000g\000r\000a\000b\000l\000e\000\040\000F\000u\000n\000c\000t\000i\000o\000n\000s}{section.2}% 4
\BOOKMARK [2][-]{subsection.2.3}{\376\377\000F\000u\000n\000c\000t\000i\000o\000n\000a\000l\000\040\000D\000a\000t\000a\000\040\000S\000e\000t\000s}{section.2}% 5
\BOOKMARK [2][-]{subsection.2.4}{\376\377\000R\000e\000p\000r\000e\000s\000e\000n\000t\000i\000n\000g\000\040\000a\000\040\000F\000u\000n\000c\000t\000i\000o\000n\000\040\000i\000n\000\040\000t\000e\000r\000m\000s\000\040\000o\000f\000\040\000a\000\040\000B\000a\000s\000i\000s}{section.2}% 6
\BOOKMARK [2][-]{subsection.2.5}{\376\377\000A\000p\000p\000r\000o\000x\000i\000m\000a\000t\000i\000o\000n\000\040\000a\000n\000d\000\040\000S\000m\000o\000o\000t\000h\000i\000n\000g\000\040\000v\000i\000a\000\040\000B\000a\000s\000i\000s\000\040\000T\000r\000u\000n\000c\000a\000t\000i\000o\000n}{section.2}% 7
\BOOKMARK [2][-]{subsection.2.6}{\376\377\000K\000a\000r\000h\000u\000n\000e\000n\000-\000L\000o\000\351\000v\000e\000\040\000E\000x\000p\000a\000n\000s\000i\000o\000n\000\040\000a\000n\000d\000\040\000E\000m\000p\000i\000r\000i\000c\000a\000l\000\040\000E\000i\000g\000e\000n\000b\000a\000s\000e\000s}{section.2}% 8
\BOOKMARK [2][-]{subsection.2.7}{\376\377\000S\000c\000a\000l\000a\000r\000-\000o\000n\000-\000F\000u\000n\000c\000t\000i\000o\000n\000\040\000R\000e\000g\000r\000e\000s\000s\000i\000o\000n}{section.2}% 9
\BOOKMARK [3][-]{subsubsection.2.7.1}{\376\377\000E\000s\000t\000i\000m\000a\000t\000i\000o\000n\000\040\000u\000s\000i\000n\000g\000\040\000B\000a\000s\000i\000s\000-\000R\000e\000p\000r\000e\000s\000e\000n\000t\000a\000t\000i\000o\000n}{subsection.2.7}% 10
\BOOKMARK [3][-]{subsubsection.2.7.2}{\376\377\000E\000s\000t\000i\000m\000a\000t\000i\000o\000n\000\040\000u\000s\000i\000n\000g\000\040\000F\000u\000n\000c\000t\000i\000o\000n\000a\000l\000\040\000P\000r\000i\000n\000c\000i\000p\000a\000l\000\040\000C\000o\000m\000p\000o\000n\000e\000n\000t\000s}{subsection.2.7}% 11
\BOOKMARK [2][-]{subsection.2.8}{\376\377\000L\000i\000t\000e\000r\000a\000t\000u\000r\000e}{section.2}% 12
\BOOKMARK [1][-]{section.3}{\376\377\000S\000i\000m\000u\000l\000a\000t\000i\000o\000n\000\040\000S\000t\000u\000d\000y}{}% 13
\BOOKMARK [2][-]{subsection.3.1}{\376\377\000M\000o\000t\000i\000v\000a\000t\000i\000o\000n}{section.3}% 14
\BOOKMARK [2][-]{subsection.3.2}{\376\377\000G\000e\000n\000e\000r\000a\000t\000i\000n\000g\000\040\000S\000i\000m\000i\000l\000a\000r\000\040\000C\000u\000r\000v\000e\000s}{section.3}% 15
\BOOKMARK [2][-]{subsection.3.3}{\376\377\000S\000i\000m\000u\000l\000a\000t\000i\000o\000n\000\040\000s\000e\000t\000u\000p}{section.3}% 16
\BOOKMARK [2][-]{subsection.3.4}{\376\377\000R\000e\000s\000u\000l\000t\000s}{section.3}% 17
\BOOKMARK [3][-]{subsubsection.3.4.1}{\376\377\000B\000a\000s\000i\000s\000\040\000E\000x\000p\000a\000n\000s\000i\000o\000n\000\040\000R\000e\000g\000r\000e\000s\000s\000i\000o\000n}{subsection.3.4}% 18
\BOOKMARK [3][-]{subsubsection.3.4.2}{\376\377\000F\000u\000n\000c\000t\000i\000o\000n\000a\000l\000\040\000P\000r\000i\000n\000c\000i\000p\000a\000l\000\040\000C\000o\000m\000p\000o\000n\000e\000n\000t\000\040\000R\000e\000g\000r\000e\000s\000s\000i\000o\000n}{subsection.3.4}% 19
\BOOKMARK [3][-]{subsubsection.3.4.3}{\376\377\000I\000n\000t\000e\000r\000p\000r\000e\000t\000a\000t\000i\000o\000n\000\040\000a\000n\000d\000\040\000R\000e\000l\000e\000v\000a\000n\000c\000e\000\040\000f\000o\000r\000\040\000A\000p\000p\000l\000i\000c\000a\000t\000i\000o\000n}{subsection.3.4}% 20
\BOOKMARK [1][-]{section.4}{\376\377\000A\000p\000p\000l\000i\000c\000a\000t\000i\000o\000n}{}% 21
\BOOKMARK [2][-]{subsection.4.1}{\376\377\000L\000i\000t\000e\000r\000a\000t\000u\000r\000e}{section.4}% 22
\BOOKMARK [1][-]{section.5}{\376\377\000O\000u\000t\000l\000o\000o\000k}{}% 23
\BOOKMARK [2][-]{subsection.5.1}{\376\377\000L\000i\000t\000e\000r\000a\000t\000u\000r\000e}{section.5}% 24
\BOOKMARK [1][-]{section.6}{\376\377\000A\000p\000p\000e\000n\000d\000i\000x}{}% 25
\BOOKMARK [2][-]{subsection.6.1}{\376\377\000N\000e\000a\000r\000-\000i\000n\000f\000r\000a\000r\000e\000d\000\040\000\050\000N\000I\000R\000\051\000\040\000S\000p\000e\000c\000t\000r\000o\000s\000c\000o\000p\000y}{section.6}% 26
\BOOKMARK [2][-]{subsection.6.2}{\376\377\000B\000a\000s\000i\000s\000\040\000P\000l\000o\000t\000s}{section.6}% 27
\BOOKMARK [2][-]{subsection.6.3}{\376\377\000S\000i\000m\000u\000l\000a\000t\000i\000o\000n\000\040\000S\000t\000u\000d\000y\000\040\000R\000e\000s\000u\000l\000t\000s}{section.6}% 28
\BOOKMARK [2][-]{subsection.6.4}{\376\377\000C\000u\000r\000v\000e\000\040\000E\000s\000t\000i\000m\000a\000t\000e\000s\000\040\000f\000o\000r\000\040\000C\000h\000o\000s\000e\000n\000\040\000S\000p\000e\000c\000i\000f\000i\000c\000a\000t\000i\000o\000n\000s}{section.6}% 29
\BOOKMARK [1][-]{section.7}{\376\377\000P\000r\000o\000o\000f\000s}{}% 30
\BOOKMARK [2][-]{subsection.7.1}{\376\377\000L\000e\000m\000m\000a}{section.7}% 31
\BOOKMARK [2][-]{subsection.7.2}{\376\377\000T\000h\000e\000o\000r\000e\000m\000\040\000\050\000K\000a\000r\000h\000u\000n\000e\000n\000-\000L\000o\000\351\000v\000e\000\040\000e\000x\000p\000a\000n\000s\000i\000o\000n\000\051}{section.7}% 32
\BOOKMARK [1][-]{section.8}{\376\377\000B\000i\000b\000l\000i\000o\000g\000r\000a\000p\000h\000y}{}% 33
\BOOKMARK [1][-]{section.9}{\376\377\000A\000f\000f\000i\000d\000a\000v\000i\000t}{}% 34
